This file contains any messages produced by compilers while
running configure, to aid debugging if configure makes a mistake.

It was created by libopm configure 0.1, which was
generated by GNU Autoconf 2.60.  Invocation command line was

  $ ./configure --prefix=/home/canalircu/bopm --cache-file=/dev/null --srcdir=.

## --------- ##
## Platform. ##
## --------- ##

hostname = pulsar
uname -m = x86_64
uname -r = 2.6.32-042stab106.4
uname -s = Linux
uname -v = #1 SMP Fri Mar 27 15:19:28 MSK 2015

/usr/bin/uname -p = unknown
/bin/uname -X     = unknown

/bin/arch              = unknown
/usr/bin/arch -k       = unknown
/usr/convex/getsysinfo = unknown
/usr/bin/hostinfo      = unknown
/bin/machine           = unknown
/usr/bin/oslevel       = unknown
/bin/universe          = unknown

PATH: /usr/local/bin
PATH: /usr/bin
PATH: /bin
PATH: /usr/local/games
PATH: /usr/games


## ----------- ##
## Core tests. ##
## ----------- ##

configure:1974: checking for a BSD-compatible install
configure:2030: result: /usr/bin/install -c
configure:2041: checking whether build environment is sane
configure:2084: result: yes
configure:2149: checking for gawk
configure:2179: result: no
configure:2149: checking for mawk
configure:2165: found /usr/bin/mawk
configure:2176: result: mawk
configure:2187: checking whether make sets $(MAKE)
configure:2208: result: yes
configure:2393: checking whether to enable maintainer-specific portions of Makefiles
configure:2402: result: no
configure:2483: checking for gcc
configure:2499: found /usr/bin/gcc
configure:2510: result: gcc
configure:2748: checking for C compiler version
configure:2755: gcc --version >&5
gcc (Debian 4.7.2-5) 4.7.2
Copyright (C) 2012 Free Software Foundation, Inc.
This is free software; see the source for copying conditions.  There is NO
warranty; not even for MERCHANTABILITY or FITNESS FOR A PARTICULAR PURPOSE.

configure:2758: $? = 0
configure:2765: gcc -v >&5
Using built-in specs.
COLLECT_GCC=gcc
COLLECT_LTO_WRAPPER=/usr/lib/gcc/x86_64-linux-gnu/4.7/lto-wrapper
Target: x86_64-linux-gnu
Configured with: ../src/configure -v --with-pkgversion='Debian 4.7.2-5' --with-bugurl=file:///usr/share/doc/gcc-4.7/README.Bugs --enable-languages=c,c++,go,fortran,objc,obj-c++ --prefix=/usr --program-suffix=-4.7 --enable-shared --enable-linker-build-id --with-system-zlib --libexecdir=/usr/lib --without-included-gettext --enable-threads=posix --with-gxx-include-dir=/usr/include/c++/4.7 --libdir=/usr/lib --enable-nls --with-sysroot=/ --enable-clocale=gnu --enable-libstdcxx-debug --enable-libstdcxx-time=yes --enable-gnu-unique-object --enable-plugin --enable-objc-gc --with-arch-32=i586 --with-tune=generic --enable-checking=release --build=x86_64-linux-gnu --host=x86_64-linux-gnu --target=x86_64-linux-gnu
Thread model: posix
gcc version 4.7.2 (Debian 4.7.2-5) 
configure:2768: $? = 0
configure:2775: gcc -V >&5
gcc: error: unrecognized command line option '-V'
gcc: fatal error: no input files
compilation terminated.
configure:2778: $? = 4
configure:2801: checking for C compiler default output file name
configure:2828: gcc    conftest.c  >&5
configure:2831: $? = 0
configure:2877: result: a.out
configure:2882: checking whether the C compiler works
configure:2892: ./a.out
configure:2895: $? = 0
configure:2912: result: yes
configure:2919: checking whether we are cross compiling
configure:2921: result: no
configure:2924: checking for suffix of executables
configure:2931: gcc -o conftest    conftest.c  >&5
configure:2934: $? = 0
configure:2958: result: 
configure:2964: checking for suffix of object files
configure:2990: gcc -c   conftest.c >&5
configure:2993: $? = 0
configure:3016: result: o
configure:3020: checking whether we are using the GNU C compiler
configure:3049: gcc -c   conftest.c >&5
configure:3055: $? = 0
configure:3062: test -z "$ac_c_werror_flag" || test ! -s conftest.err
configure:3065: $? = 0
configure:3072: test -s conftest.o
configure:3075: $? = 0
configure:3089: result: yes
configure:3094: checking whether gcc accepts -g
configure:3124: gcc -c -g  conftest.c >&5
configure:3130: $? = 0
configure:3137: test -z "$ac_c_werror_flag" || test ! -s conftest.err
configure:3140: $? = 0
configure:3147: test -s conftest.o
configure:3150: $? = 0
configure:3280: result: yes
configure:3297: checking for gcc option to accept ISO C89
configure:3371: gcc  -c -g -O2  conftest.c >&5
configure:3377: $? = 0
configure:3384: test -z "$ac_c_werror_flag" || test ! -s conftest.err
configure:3387: $? = 0
configure:3394: test -s conftest.o
configure:3397: $? = 0
configure:3417: result: none needed
configure:3446: checking for style of include used by make
configure:3474: result: GNU
configure:3502: checking dependency style of gcc
configure:3592: result: gcc3
configure:3687: checking build system type
configure:3705: result: x86_64-unknown-linux-gnu
configure:3727: checking host system type
configure:3742: result: x86_64-unknown-linux-gnu
configure:3764: checking for a sed that does not truncate output
configure:3818: result: /bin/sed
configure:3821: checking for grep that handles long lines and -e
configure:3895: result: /bin/grep
configure:3900: checking for egrep
configure:3978: result: /bin/grep -E
configure:3994: checking for ld used by gcc
configure:4061: result: /usr/bin/ld
configure:4070: checking if the linker (/usr/bin/ld) is GNU ld
configure:4085: result: yes
configure:4090: checking for /usr/bin/ld option to reload object files
configure:4097: result: -r
configure:4115: checking for BSD-compatible nm
configure:4164: result: /usr/bin/nm -B
configure:4168: checking whether ln -s works
configure:4172: result: yes
configure:4179: checking how to recognise dependent libraries
configure:4355: result: pass_all
configure:4443: gcc -c -g -O2  conftest.c >&5
configure:4446: $? = 0
configure:4605: checking how to run the C preprocessor
configure:4645: gcc -E  conftest.c
configure:4651: $? = 0
configure:4689: gcc -E  conftest.c
conftest.c:10:28: fatal error: ac_nonexistent.h: No such file or directory
compilation terminated.
configure:4695: $? = 1
configure: failed program was:
| /* confdefs.h.  */
| #define PACKAGE_NAME "libopm"
| #define PACKAGE_TARNAME "libopm"
| #define PACKAGE_VERSION "0.1"
| #define PACKAGE_STRING "libopm 0.1"
| #define PACKAGE_BUGREPORT ""
| #define PACKAGE "libopm"
| #define VERSION "0.1"
| /* end confdefs.h.  */
| #include <ac_nonexistent.h>
configure:4735: result: gcc -E
configure:4764: gcc -E  conftest.c
configure:4770: $? = 0
configure:4808: gcc -E  conftest.c
conftest.c:10:28: fatal error: ac_nonexistent.h: No such file or directory
compilation terminated.
configure:4814: $? = 1
configure: failed program was:
| /* confdefs.h.  */
| #define PACKAGE_NAME "libopm"
| #define PACKAGE_TARNAME "libopm"
| #define PACKAGE_VERSION "0.1"
| #define PACKAGE_STRING "libopm 0.1"
| #define PACKAGE_BUGREPORT ""
| #define PACKAGE "libopm"
| #define VERSION "0.1"
| /* end confdefs.h.  */
| #include <ac_nonexistent.h>
configure:4859: checking for ANSI C header files
configure:4889: gcc -c -g -O2  conftest.c >&5
configure:4895: $? = 0
configure:4902: test -z "$ac_c_werror_flag" || test ! -s conftest.err
configure:4905: $? = 0
configure:4912: test -s conftest.o
configure:4915: $? = 0
configure:5011: gcc -o conftest -g -O2   conftest.c  >&5
configure:5014: $? = 0
configure:5020: ./conftest
configure:5023: $? = 0
configure:5040: result: yes
configure:5064: checking for sys/types.h
configure:5085: gcc -c -g -O2  conftest.c >&5
configure:5091: $? = 0
configure:5098: test -z "$ac_c_werror_flag" || test ! -s conftest.err
configure:5101: $? = 0
configure:5108: test -s conftest.o
configure:5111: $? = 0
configure:5124: result: yes
configure:5064: checking for sys/stat.h
configure:5085: gcc -c -g -O2  conftest.c >&5
configure:5091: $? = 0
configure:5098: test -z "$ac_c_werror_flag" || test ! -s conftest.err
configure:5101: $? = 0
configure:5108: test -s conftest.o
configure:5111: $? = 0
configure:5124: result: yes
configure:5064: checking for stdlib.h
configure:5085: gcc -c -g -O2  conftest.c >&5
configure:5091: $? = 0
configure:5098: test -z "$ac_c_werror_flag" || test ! -s conftest.err
configure:5101: $? = 0
configure:5108: test -s conftest.o
configure:5111: $? = 0
configure:5124: result: yes
configure:5064: checking for string.h
configure:5085: gcc -c -g -O2  conftest.c >&5
configure:5091: $? = 0
configure:5098: test -z "$ac_c_werror_flag" || test ! -s conftest.err
configure:5101: $? = 0
configure:5108: test -s conftest.o
configure:5111: $? = 0
configure:5124: result: yes
configure:5064: checking for memory.h
configure:5085: gcc -c -g -O2  conftest.c >&5
configure:5091: $? = 0
configure:5098: test -z "$ac_c_werror_flag" || test ! -s conftest.err
configure:5101: $? = 0
configure:5108: test -s conftest.o
configure:5111: $? = 0
configure:5124: result: yes
configure:5064: checking for strings.h
configure:5085: gcc -c -g -O2  conftest.c >&5
configure:5091: $? = 0
configure:5098: test -z "$ac_c_werror_flag" || test ! -s conftest.err
configure:5101: $? = 0
configure:5108: test -s conftest.o
configure:5111: $? = 0
configure:5124: result: yes
configure:5064: checking for inttypes.h
configure:5085: gcc -c -g -O2  conftest.c >&5
configure:5091: $? = 0
configure:5098: test -z "$ac_c_werror_flag" || test ! -s conftest.err
configure:5101: $? = 0
configure:5108: test -s conftest.o
configure:5111: $? = 0
configure:5124: result: yes
configure:5064: checking for stdint.h
configure:5085: gcc -c -g -O2  conftest.c >&5
configure:5091: $? = 0
configure:5098: test -z "$ac_c_werror_flag" || test ! -s conftest.err
configure:5101: $? = 0
configure:5108: test -s conftest.o
configure:5111: $? = 0
configure:5124: result: yes
configure:5064: checking for unistd.h
configure:5085: gcc -c -g -O2  conftest.c >&5
configure:5091: $? = 0
configure:5098: test -z "$ac_c_werror_flag" || test ! -s conftest.err
configure:5101: $? = 0
configure:5108: test -s conftest.o
configure:5111: $? = 0
configure:5124: result: yes
configure:5151: checking dlfcn.h usability
configure:5168: gcc -c -g -O2  conftest.c >&5
configure:5174: $? = 0
configure:5181: test -z "$ac_c_werror_flag" || test ! -s conftest.err
configure:5184: $? = 0
configure:5191: test -s conftest.o
configure:5194: $? = 0
configure:5205: result: yes
configure:5209: checking dlfcn.h presence
configure:5224: gcc -E  conftest.c
configure:5230: $? = 0
configure:5251: result: yes
configure:5279: checking for dlfcn.h
configure:5287: result: yes
configure:5358: checking for g++
configure:5374: found /usr/bin/g++
configure:5385: result: g++
configure:5416: checking for C++ compiler version
configure:5423: g++ --version >&5
g++ (Debian 4.7.2-5) 4.7.2
Copyright (C) 2012 Free Software Foundation, Inc.
This is free software; see the source for copying conditions.  There is NO
warranty; not even for MERCHANTABILITY or FITNESS FOR A PARTICULAR PURPOSE.

configure:5426: $? = 0
configure:5433: g++ -v >&5
Using built-in specs.
COLLECT_GCC=g++
COLLECT_LTO_WRAPPER=/usr/lib/gcc/x86_64-linux-gnu/4.7/lto-wrapper
Target: x86_64-linux-gnu
Configured with: ../src/configure -v --with-pkgversion='Debian 4.7.2-5' --with-bugurl=file:///usr/share/doc/gcc-4.7/README.Bugs --enable-languages=c,c++,go,fortran,objc,obj-c++ --prefix=/usr --program-suffix=-4.7 --enable-shared --enable-linker-build-id --with-system-zlib --libexecdir=/usr/lib --without-included-gettext --enable-threads=posix --with-gxx-include-dir=/usr/include/c++/4.7 --libdir=/usr/lib --enable-nls --with-sysroot=/ --enable-clocale=gnu --enable-libstdcxx-debug --enable-libstdcxx-time=yes --enable-gnu-unique-object --enable-plugin --enable-objc-gc --with-arch-32=i586 --with-tune=generic --enable-checking=release --build=x86_64-linux-gnu --host=x86_64-linux-gnu --target=x86_64-linux-gnu
Thread model: posix
gcc version 4.7.2 (Debian 4.7.2-5) 
configure:5436: $? = 0
configure:5443: g++ -V >&5
g++: error: unrecognized command line option '-V'
g++: fatal error: no input files
compilation terminated.
configure:5446: $? = 4
configure:5449: checking whether we are using the GNU C++ compiler
configure:5478: g++ -c   conftest.cpp >&5
configure:5484: $? = 0
configure:5491: test -z "$ac_cxx_werror_flag" || test ! -s conftest.err
configure:5494: $? = 0
configure:5501: test -s conftest.o
configure:5504: $? = 0
configure:5518: result: yes
configure:5523: checking whether g++ accepts -g
configure:5553: g++ -c -g  conftest.cpp >&5
configure:5559: $? = 0
configure:5566: test -z "$ac_cxx_werror_flag" || test ! -s conftest.err
configure:5569: $? = 0
configure:5576: test -s conftest.o
configure:5579: $? = 0
configure:5709: result: yes
configure:5734: checking dependency style of g++
configure:5824: result: gcc3
configure:5851: checking how to run the C++ preprocessor
configure:5887: g++ -E  conftest.cpp
configure:5893: $? = 0
configure:5931: g++ -E  conftest.cpp
conftest.cpp:21:28: fatal error: ac_nonexistent.h: No such file or directory
compilation terminated.
configure:5937: $? = 1
configure: failed program was:
| /* confdefs.h.  */
| #define PACKAGE_NAME "libopm"
| #define PACKAGE_TARNAME "libopm"
| #define PACKAGE_VERSION "0.1"
| #define PACKAGE_STRING "libopm 0.1"
| #define PACKAGE_BUGREPORT ""
| #define PACKAGE "libopm"
| #define VERSION "0.1"
| #define STDC_HEADERS 1
| #define HAVE_SYS_TYPES_H 1
| #define HAVE_SYS_STAT_H 1
| #define HAVE_STDLIB_H 1
| #define HAVE_STRING_H 1
| #define HAVE_MEMORY_H 1
| #define HAVE_STRINGS_H 1
| #define HAVE_INTTYPES_H 1
| #define HAVE_STDINT_H 1
| #define HAVE_UNISTD_H 1
| #define HAVE_DLFCN_H 1
| /* end confdefs.h.  */
| #include <ac_nonexistent.h>
configure:5977: result: g++ -E
configure:6006: g++ -E  conftest.cpp
configure:6012: $? = 0
configure:6050: g++ -E  conftest.cpp
conftest.cpp:21:28: fatal error: ac_nonexistent.h: No such file or directory
compilation terminated.
configure:6056: $? = 1
configure: failed program was:
| /* confdefs.h.  */
| #define PACKAGE_NAME "libopm"
| #define PACKAGE_TARNAME "libopm"
| #define PACKAGE_VERSION "0.1"
| #define PACKAGE_STRING "libopm 0.1"
| #define PACKAGE_BUGREPORT ""
| #define PACKAGE "libopm"
| #define VERSION "0.1"
| #define STDC_HEADERS 1
| #define HAVE_SYS_TYPES_H 1
| #define HAVE_SYS_STAT_H 1
| #define HAVE_STDLIB_H 1
| #define HAVE_STRING_H 1
| #define HAVE_MEMORY_H 1
| #define HAVE_STRINGS_H 1
| #define HAVE_INTTYPES_H 1
| #define HAVE_STDINT_H 1
| #define HAVE_UNISTD_H 1
| #define HAVE_DLFCN_H 1
| /* end confdefs.h.  */
| #include <ac_nonexistent.h>
configure:6156: checking for g77
configure:6186: result: no
configure:6156: checking for f77
configure:6186: result: no
configure:6156: checking for xlf
configure:6186: result: no
configure:6156: checking for frt
configure:6186: result: no
configure:6156: checking for pgf77
configure:6186: result: no
configure:6156: checking for cf77
configure:6186: result: no
configure:6156: checking for fort77
configure:6186: result: no
configure:6156: checking for fl32
configure:6186: result: no
configure:6156: checking for af77
configure:6186: result: no
configure:6156: checking for f90
configure:6186: result: no
configure:6156: checking for xlf90
configure:6186: result: no
configure:6156: checking for pgf90
configure:6186: result: no
configure:6156: checking for pghpf
configure:6186: result: no
configure:6156: checking for epcf90
configure:6186: result: no
configure:6156: checking for gfortran
configure:6186: result: no
configure:6156: checking for g95
configure:6186: result: no
configure:6156: checking for f95
configure:6186: result: no
configure:6156: checking for fort
configure:6186: result: no
configure:6156: checking for xlf95
configure:6186: result: no
configure:6156: checking for ifort
configure:6186: result: no
configure:6156: checking for ifc
configure:6186: result: no
configure:6156: checking for efc
configure:6186: result: no
configure:6156: checking for pgf95
configure:6186: result: no
configure:6156: checking for lf95
configure:6186: result: no
configure:6156: checking for ftn
configure:6186: result: no
configure:6213: checking for Fortran 77 compiler version
configure:6220:  --version >&5
./configure: line 6221: --version: command not found
configure:6223: $? = 127
configure:6230:  -v >&5
./configure: line 6231: -v: command not found
configure:6233: $? = 127
configure:6240:  -V >&5
./configure: line 6241: -V: command not found
configure:6243: $? = 127
configure:6251: checking whether we are using the GNU Fortran 77 compiler
configure:6270:  -c  conftest.F >&5
./configure: line 6271: -c: command not found
configure:6276: $? = 127
configure: failed program was:
|       program main
| #ifndef __GNUC__
|        choke me
| #endif
| 
|       end
configure:6310: result: no
configure:6316: checking whether  accepts -g
configure:6333:  -c -g conftest.f >&5
./configure: line 6334: -c: command not found
configure:6339: $? = 127
configure: failed program was:
|       program main
| 
|       end
configure:6372: result: no
configure:6402: checking the maximum length of command line arguments
configure:6511: result: 32768
configure:6522: checking command to parse /usr/bin/nm -B output from gcc object
configure:6627: gcc -c -g -O2  conftest.c >&5
configure:6630: $? = 0
configure:6634: /usr/bin/nm -B conftest.o \| sed -n -e 's/^.*[ 	]\([ABCDGIRSTW][ABCDGIRSTW]*\)[ 	][ 	]*\([_A-Za-z][_A-Za-z0-9]*\)$/\1 \2 \2/p' \> conftest.nm
configure:6637: $? = 0
configure:6689: gcc -o conftest -g -O2   conftest.c conftstm.o >&5
configure:6692: $? = 0
configure:6730: result: ok
configure:6734: checking for objdir
configure:6749: result: .libs
configure:6841: checking for ar
configure:6857: found /usr/bin/ar
configure:6868: result: ar
configure:6937: checking for ranlib
configure:6953: found /usr/bin/ranlib
configure:6964: result: ranlib
configure:7033: checking for strip
configure:7049: found /usr/bin/strip
configure:7060: result: strip
configure:7346: checking if gcc supports -fno-rtti -fno-exceptions
configure:7364: gcc -c -g -O2  -fno-rtti -fno-exceptions conftest.c >&5
cc1: warning: command line option '-fno-rtti' is valid for C++/ObjC++ but not for C [enabled by default]
configure:7368: $? = 0
configure:7381: result: no
configure:7396: checking for gcc option to produce PIC
configure:7606: result: -fPIC
configure:7614: checking if gcc PIC flag -fPIC works
configure:7632: gcc -c -g -O2  -fPIC -DPIC conftest.c >&5
configure:7636: $? = 0
configure:7649: result: yes
configure:7677: checking if gcc static flag -static works
configure:7705: result: yes
configure:7715: checking if gcc supports -c -o file.o
configure:7736: gcc -c -g -O2  -o out/conftest2.o conftest.c >&5
configure:7740: $? = 0
configure:7762: result: yes
configure:7788: checking whether the gcc linker (/usr/bin/ld -m elf_x86_64) supports shared libraries
configure:8775: result: yes
configure:8796: checking whether -lc should be explicitly linked in
configure:8801: gcc -c -g -O2  conftest.c >&5
configure:8804: $? = 0
configure:8819: gcc -shared conftest.o  -v -Wl,-soname -Wl,conftest -o conftest 2\>\&1 \| grep  -lc  \>/dev/null 2\>\&1
configure:8822: $? = 0
configure:8834: result: no
configure:8842: checking dynamic linker characteristics
configure:9418: result: GNU/Linux ld.so
configure:9427: checking how to hardcode library paths into programs
configure:9452: result: immediate
configure:9466: checking whether stripping libraries is possible
configure:9471: result: yes
configure:10384: checking if libtool supports shared libraries
configure:10386: result: yes
configure:10389: checking whether to build shared libraries
configure:10410: result: yes
configure:10413: checking whether to build static libraries
configure:10417: result: yes
configure:10509: creating libtool
configure:11097: checking for ld used by g++
configure:11164: result: /usr/bin/ld -m elf_x86_64
configure:11173: checking if the linker (/usr/bin/ld -m elf_x86_64) is GNU ld
configure:11188: result: yes
configure:11239: checking whether the g++ linker (/usr/bin/ld -m elf_x86_64) supports shared libraries
configure:12205: result: yes
configure:12223: g++ -c -g -O2  conftest.cpp >&5
configure:12226: $? = 0
configure:12345: checking for g++ option to produce PIC
configure:12619: result: -fPIC
configure:12627: checking if g++ PIC flag -fPIC works
configure:12645: g++ -c -g -O2  -fPIC -DPIC conftest.cpp >&5
configure:12649: $? = 0
configure:12662: result: yes
configure:12690: checking if g++ static flag -static works
configure:12718: result: yes
configure:12728: checking if g++ supports -c -o file.o
configure:12749: g++ -c -g -O2  -o out/conftest2.o conftest.cpp >&5
configure:12753: $? = 0
configure:12775: result: yes
configure:12801: checking whether the g++ linker (/usr/bin/ld -m elf_x86_64) supports shared libraries
configure:12829: result: yes
configure:12896: checking dynamic linker characteristics
configure:13472: result: GNU/Linux ld.so
configure:13481: checking how to hardcode library paths into programs
configure:13506: result: immediate
configure:19691: checking for libraries containing socket functions
configure:19729: gcc -o conftest -g -O2   conftest.c  >&5
configure:19735: $? = 0
configure:19742: test -z "$ac_c_werror_flag" || test ! -s conftest.err
configure:19745: $? = 0
configure:19752: test -s conftest
configure:19755: $? = 0
configure:19917: result: -lc
configure:19935: checking for ANSI C header files
configure:20116: result: yes
configure:20142: checking sys/poll.h usability
configure:20159: gcc -c -g -O2  conftest.c >&5
configure:20165: $? = 0
configure:20172: test -z "$ac_c_werror_flag" || test ! -s conftest.err
configure:20175: $? = 0
configure:20182: test -s conftest.o
configure:20185: $? = 0
configure:20196: result: yes
configure:20200: checking sys/poll.h presence
configure:20215: gcc -E  conftest.c
configure:20221: $? = 0
configure:20242: result: yes
configure:20270: checking for sys/poll.h
configure:20278: result: yes
configure:20312: checking fcntl.h usability
configure:20329: gcc -c -g -O2  conftest.c >&5
configure:20335: $? = 0
configure:20342: test -z "$ac_c_werror_flag" || test ! -s conftest.err
configure:20345: $? = 0
configure:20352: test -s conftest.o
configure:20355: $? = 0
configure:20366: result: yes
configure:20370: checking fcntl.h presence
configure:20385: gcc -E  conftest.c
configure:20391: $? = 0
configure:20412: result: yes
configure:20440: checking for fcntl.h
configure:20448: result: yes
configure:20312: checking sys/time.h usability
configure:20329: gcc -c -g -O2  conftest.c >&5
configure:20335: $? = 0
configure:20342: test -z "$ac_c_werror_flag" || test ! -s conftest.err
configure:20345: $? = 0
configure:20352: test -s conftest.o
configure:20355: $? = 0
configure:20366: result: yes
configure:20370: checking sys/time.h presence
configure:20385: gcc -E  conftest.c
configure:20391: $? = 0
configure:20412: result: yes
configure:20440: checking for sys/time.h
configure:20448: result: yes
configure:20302: checking for unistd.h
configure:20308: result: yes
configure:20302: checking for strings.h
configure:20308: result: yes
configure:20462: checking for an ANSI C-conforming const
configure:20537: gcc -c -g -O2  conftest.c >&5
configure:20543: $? = 0
configure:20550: test -z "$ac_c_werror_flag" || test ! -s conftest.err
configure:20553: $? = 0
configure:20560: test -s conftest.o
configure:20563: $? = 0
configure:20575: result: yes
configure:20585: checking for size_t
configure:20615: gcc -c -g -O2  conftest.c >&5
configure:20621: $? = 0
configure:20628: test -z "$ac_c_werror_flag" || test ! -s conftest.err
configure:20631: $? = 0
configure:20638: test -s conftest.o
configure:20641: $? = 0
configure:20653: result: yes
configure:20665: checking whether time.h and sys/time.h may both be included
configure:20695: gcc -c -g -O2  conftest.c >&5
configure:20701: $? = 0
configure:20708: test -z "$ac_c_werror_flag" || test ! -s conftest.err
configure:20711: $? = 0
configure:20718: test -s conftest.o
configure:20721: $? = 0
configure:20733: result: yes
configure:20749: checking for snprintf
configure:20805: gcc -o conftest -g -O2   conftest.c  >&5
conftest.c:51:6: warning: conflicting types for built-in function 'snprintf' [enabled by default]
configure:20811: $? = 0
configure:20818: test -z "$ac_c_werror_flag" || test ! -s conftest.err
configure:20821: $? = 0
configure:20828: test -s conftest
configure:20831: $? = 0
configure:20845: result: yes
configure:20749: checking for vsnprintf
configure:20805: gcc -o conftest -g -O2   conftest.c  >&5
conftest.c:52:6: warning: conflicting types for built-in function 'vsnprintf' [enabled by default]
configure:20811: $? = 0
configure:20818: test -z "$ac_c_werror_flag" || test ! -s conftest.err
configure:20821: $? = 0
configure:20828: test -s conftest
configure:20831: $? = 0
configure:20845: result: yes
configure:20855: checking for working snprintf
configure:20891: gcc -o conftest -g -O2   conftest.c  >&5
conftest.c: In function 'main':
conftest.c:38:29: warning: incompatible implicit declaration of built-in function 'exit' [enabled by default]
configure:20894: $? = 0
configure:20900: ./conftest
configure:20903: $? = 0
configure:20920: result: yes
configure:20922: checking for working vsnprintf
configure:20969: gcc -o conftest -g -O2   conftest.c  >&5
conftest.c: In function 'main':
conftest.c:49:29: warning: incompatible implicit declaration of built-in function 'exit' [enabled by default]
configure:20972: $? = 0
configure:20978: ./conftest
configure:20981: $? = 0
configure:20998: result: yes
configure:21141: checking for inet_aton
configure:21197: gcc -o conftest -g -O2   conftest.c  >&5
configure:21203: $? = 0
configure:21210: test -z "$ac_c_werror_flag" || test ! -s conftest.err
configure:21213: $? = 0
configure:21220: test -s conftest
configure:21223: $? = 0
configure:21237: result: yes
configure:21141: checking for inet_pton
configure:21197: gcc -o conftest -g -O2   conftest.c  >&5
configure:21203: $? = 0
configure:21210: test -z "$ac_c_werror_flag" || test ! -s conftest.err
configure:21213: $? = 0
configure:21220: test -s conftest
configure:21223: $? = 0
configure:21237: result: yes
configure:21253: checking for gethostbyname
configure:21309: gcc -o conftest -g -O2   conftest.c  >&5
configure:21315: $? = 0
configure:21322: test -z "$ac_c_werror_flag" || test ! -s conftest.err
configure:21325: $? = 0
configure:21332: test -s conftest
configure:21335: $? = 0
configure:21349: result: yes
configure:21253: checking for gethostbyname2
configure:21309: gcc -o conftest -g -O2   conftest.c  >&5
configure:21315: $? = 0
configure:21322: test -z "$ac_c_werror_flag" || test ! -s conftest.err
configure:21325: $? = 0
configure:21332: test -s conftest
configure:21335: $? = 0
configure:21349: result: yes
configure:21360: checking whether byte ordering is bigendian
configure:21392: gcc -c -g -O2  conftest.c >&5
configure:21398: $? = 0
configure:21405: test -z "$ac_c_werror_flag" || test ! -s conftest.err
configure:21408: $? = 0
configure:21415: test -s conftest.o
configure:21418: $? = 0
configure:21447: gcc -c -g -O2  conftest.c >&5
conftest.c: In function 'main':
conftest.c:41:2: error: unknown type name 'not'
conftest.c:41:10: error: expected '=', ',', ';', 'asm' or '__attribute__' before 'endian'
configure:21453: $? = 1
configure: failed program was:
| /* confdefs.h.  */
| #define PACKAGE_NAME "libopm"
| #define PACKAGE_TARNAME "libopm"
| #define PACKAGE_VERSION "0.1"
| #define PACKAGE_STRING "libopm 0.1"
| #define PACKAGE_BUGREPORT ""
| #define PACKAGE "libopm"
| #define VERSION "0.1"
| #define STDC_HEADERS 1
| #define HAVE_SYS_TYPES_H 1
| #define HAVE_SYS_STAT_H 1
| #define HAVE_STDLIB_H 1
| #define HAVE_STRING_H 1
| #define HAVE_MEMORY_H 1
| #define HAVE_STRINGS_H 1
| #define HAVE_INTTYPES_H 1
| #define HAVE_STDINT_H 1
| #define HAVE_UNISTD_H 1
| #define HAVE_DLFCN_H 1
| #define STDC_HEADERS 1
| #define HAVE_SYS_POLL_H 1
| #define HAVE_FCNTL_H 1
| #define HAVE_SYS_TIME_H 1
| #define HAVE_UNISTD_H 1
| #define HAVE_STRINGS_H 1
| #define TIME_WITH_SYS_TIME 1
| #define HAVE_SNPRINTF 1
| #define HAVE_VSNPRINTF 1
| #define HAVE_INET_ATON 1
| #define HAVE_INET_PTON 1
| #define HAVE_GETHOSTBYNAME 1
| #define HAVE_GETHOSTBYNAME2 1
| /* end confdefs.h.  */
| #include <sys/types.h>
| #include <sys/param.h>
| 
| int
| main ()
| {
| #if BYTE_ORDER != BIG_ENDIAN
|  not big endian
| #endif
| 
|   ;
|   return 0;
| }
configure:21627: result: no
configure:21647: checking for socket in -lsocket
configure:21682: gcc -o conftest -g -O2   conftest.c -lsocket   >&5
/usr/bin/ld: cannot find -lsocket
collect2: error: ld returned 1 exit status
configure:21688: $? = 1
configure: failed program was:
| /* confdefs.h.  */
| #define PACKAGE_NAME "libopm"
| #define PACKAGE_TARNAME "libopm"
| #define PACKAGE_VERSION "0.1"
| #define PACKAGE_STRING "libopm 0.1"
| #define PACKAGE_BUGREPORT ""
| #define PACKAGE "libopm"
| #define VERSION "0.1"
| #define STDC_HEADERS 1
| #define HAVE_SYS_TYPES_H 1
| #define HAVE_SYS_STAT_H 1
| #define HAVE_STDLIB_H 1
| #define HAVE_STRING_H 1
| #define HAVE_MEMORY_H 1
| #define HAVE_STRINGS_H 1
| #define HAVE_INTTYPES_H 1
| #define HAVE_STDINT_H 1
| #define HAVE_UNISTD_H 1
| #define HAVE_DLFCN_H 1
| #define STDC_HEADERS 1
| #define HAVE_SYS_POLL_H 1
| #define HAVE_FCNTL_H 1
| #define HAVE_SYS_TIME_H 1
| #define HAVE_UNISTD_H 1
| #define HAVE_STRINGS_H 1
| #define TIME_WITH_SYS_TIME 1
| #define HAVE_SNPRINTF 1
| #define HAVE_VSNPRINTF 1
| #define HAVE_INET_ATON 1
| #define HAVE_INET_PTON 1
| #define HAVE_GETHOSTBYNAME 1
| #define HAVE_GETHOSTBYNAME2 1
| /* end confdefs.h.  */
| 
| /* Override any GCC internal prototype to avoid an error.
|    Use char because int might match the return type of a GCC
|    builtin and then its argument prototype would still apply.  */
| #ifdef __cplusplus
| extern "C"
| #endif
| char socket ();
| int
| main ()
| {
| return socket ();
|   ;
|   return 0;
| }
configure:21722: result: no
configure:21729: checking for gethostbyname in -lnsl
configure:21764: gcc -o conftest -g -O2   conftest.c -lnsl   >&5
configure:21770: $? = 0
configure:21777: test -z "$ac_c_werror_flag" || test ! -s conftest.err
configure:21780: $? = 0
configure:21787: test -s conftest
configure:21790: $? = 0
configure:21804: result: yes
configure:21954: creating ./config.status

## ---------------------- ##
## Running config.status. ##
## ---------------------- ##

This file was extended by libopm config.status 0.1, which was
generated by GNU Autoconf 2.60.  Invocation command line was

  CONFIG_FILES    = 
  CONFIG_HEADERS  = 
  CONFIG_LINKS    = 
  CONFIG_COMMANDS = 
  $ ./config.status 

on pulsar

config.status:659: creating Makefile
config.status:659: creating src/Makefile
config.status:659: creating doc/Makefile
config.status:659: creating doc/Doxyfile
config.status:659: creating src/setup.h
config.status:893: src/setup.h is unchanged
config.status:939: executing depfiles commands

## ---------------- ##
## Cache variables. ##
## ---------------- ##

ac_cv_build=x86_64-unknown-linux-gnu
ac_cv_c_bigendian=no
ac_cv_c_compiler_gnu=yes
ac_cv_c_const=yes
ac_cv_cxx_compiler_gnu=yes
ac_cv_env_CCC_set=
ac_cv_env_CCC_value=
ac_cv_env_CC_set=
ac_cv_env_CC_value=
ac_cv_env_CFLAGS_set=
ac_cv_env_CFLAGS_value=
ac_cv_env_CPPFLAGS_set=
ac_cv_env_CPPFLAGS_value=
ac_cv_env_CPP_set=
ac_cv_env_CPP_value=
ac_cv_env_CXXCPP_set=
ac_cv_env_CXXCPP_value=
ac_cv_env_CXXFLAGS_set=
ac_cv_env_CXXFLAGS_value=
ac_cv_env_CXX_set=
ac_cv_env_CXX_value=
ac_cv_env_F77_set=
ac_cv_env_F77_value=
ac_cv_env_FFLAGS_set=
ac_cv_env_FFLAGS_value=
ac_cv_env_LDFLAGS_set=
ac_cv_env_LDFLAGS_value=
ac_cv_env_build_alias_set=
ac_cv_env_build_alias_value=
ac_cv_env_host_alias_set=
ac_cv_env_host_alias_value=
ac_cv_env_target_alias_set=
ac_cv_env_target_alias_value=
ac_cv_f77_compiler_gnu=no
ac_cv_func_gethostbyname2=yes
ac_cv_func_gethostbyname=yes
ac_cv_func_inet_aton=yes
ac_cv_func_inet_pton=yes
ac_cv_func_snprintf=yes
ac_cv_func_vsnprintf=yes
ac_cv_have_working_snprintf=yes
ac_cv_have_working_vsnprintf=yes
ac_cv_header_dlfcn_h=yes
ac_cv_header_fcntl_h=yes
ac_cv_header_inttypes_h=yes
ac_cv_header_memory_h=yes
ac_cv_header_stdc=yes
ac_cv_header_stdint_h=yes
ac_cv_header_stdlib_h=yes
ac_cv_header_string_h=yes
ac_cv_header_strings_h=yes
ac_cv_header_sys_poll_h=yes
ac_cv_header_sys_stat_h=yes
ac_cv_header_sys_time_h=yes
ac_cv_header_sys_types_h=yes
ac_cv_header_time=yes
ac_cv_header_unistd_h=yes
ac_cv_host=x86_64-unknown-linux-gnu
ac_cv_lib_nsl_gethostbyname=yes
ac_cv_lib_socket_socket=no
ac_cv_objext=o
ac_cv_path_EGREP='/bin/grep -E'
ac_cv_path_GREP=/bin/grep
ac_cv_path_install='/usr/bin/install -c'
ac_cv_prog_AWK=mawk
ac_cv_prog_CPP='gcc -E'
ac_cv_prog_CXXCPP='g++ -E'
ac_cv_prog_ac_ct_AR=ar
ac_cv_prog_ac_ct_CC=gcc
ac_cv_prog_ac_ct_CXX=g++
ac_cv_prog_ac_ct_RANLIB=ranlib
ac_cv_prog_ac_ct_STRIP=strip
ac_cv_prog_cc_c89=
ac_cv_prog_cc_g=yes
ac_cv_prog_cxx_g=yes
ac_cv_prog_f77_g=no
ac_cv_prog_make_make_set=yes
ac_cv_socket_libs=-lc
ac_cv_type_size_t=yes
am_cv_CC_dependencies_compiler_type=gcc3
am_cv_CXX_dependencies_compiler_type=gcc3
lt_cv_deplibs_check_method=pass_all
lt_cv_file_magic_cmd='$MAGIC_CMD'
lt_cv_file_magic_test_file=
lt_cv_ld_reload_flag=-r
lt_cv_objdir=.libs
lt_cv_path_LD=/usr/bin/ld
lt_cv_path_LDCXX='/usr/bin/ld -m elf_x86_64'
lt_cv_path_NM='/usr/bin/nm -B'
lt_cv_path_SED=/bin/sed
lt_cv_prog_compiler_c_o=yes
lt_cv_prog_compiler_c_o_CXX=yes
lt_cv_prog_compiler_rtti_exceptions=no
lt_cv_prog_gnu_ld=yes
lt_cv_prog_gnu_ldcxx=yes
lt_cv_sys_global_symbol_pipe='sed -n -e '\''s/^.*[ 	]\([ABCDGIRSTW][ABCDGIRSTW]*\)[ 	][ 	]*\([_A-Za-z][_A-Za-z0-9]*\)$/\1 \2 \2/p'\'''
lt_cv_sys_global_symbol_to_c_name_address='sed -n -e '\''s/^: \([^ ]*\) $/  {\"\1\", (lt_ptr) 0},/p'\'' -e '\''s/^[BCDEGRST] \([^ ]*\) \([^ ]*\)$/  {"\2", (lt_ptr) \&\2},/p'\'''
lt_cv_sys_global_symbol_to_cdecl='sed -n -e '\''s/^. .* \(.*\)$/extern int \1;/p'\'''
lt_cv_sys_max_cmd_len=32768
lt_lt_cv_prog_compiler_c_o='"yes"'
lt_lt_cv_prog_compiler_c_o_CXX='"yes"'
lt_lt_cv_sys_global_symbol_pipe='"sed -n -e '\''s/^.*[ 	]\\([ABCDGIRSTW][ABCDGIRSTW]*\\)[ 	][ 	]*\\([_A-Za-z][_A-Za-z0-9]*\\)\$/\\1 \\2 \\2/p'\''"'
lt_lt_cv_sys_global_symbol_to_c_name_address='"sed -n -e '\''s/^: \\([^ ]*\\) \$/  {\\\"\\1\\\", (lt_ptr) 0},/p'\'' -e '\''s/^[BCDEGRST] \\([^ ]*\\) \\([^ ]*\\)\$/  {\"\\2\", (lt_ptr) \\&\\2},/p'\''"'
lt_lt_cv_sys_global_symbol_to_cdecl='"sed -n -e '\''s/^. .* \\(.*\\)\$/extern int \\1;/p'\''"'

## ----------------- ##
## Output variables. ##
## ----------------- ##

ACLOCAL='${SHELL} /home/canalircu/rbldns-scanner/src/libopm/missing --run aclocal-1.9'
AMDEPBACKSLASH='\'
AMDEP_FALSE='#'
AMDEP_TRUE=''
AMTAR='${SHELL} /home/canalircu/rbldns-scanner/src/libopm/missing --run tar'
AR='ar'
AUTOCONF='${SHELL} /home/canalircu/rbldns-scanner/src/libopm/missing --run autoconf'
AUTOHEADER='${SHELL} /home/canalircu/rbldns-scanner/src/libopm/missing --run autoheader'
AUTOMAKE='${SHELL} /home/canalircu/rbldns-scanner/src/libopm/missing --run automake-1.9'
AWK='mawk'
CC='gcc'
CCDEPMODE='depmode=gcc3'
CFLAGS='-g -O2'
CPP='gcc -E'
CPPFLAGS=''
CXX='g++'
CXXCPP='g++ -E'
CXXDEPMODE='depmode=gcc3'
CXXFLAGS='-g -O2'
CYGPATH_W='echo'
DEFS='-DHAVE_CONFIG_H'
DEPDIR='.deps'
DOX_DIR_HTML='api'
DOX_DIR_LATEX='latex'
DOX_DIR_MAN='man'
ECHO='echo'
ECHO_C=''
ECHO_N='-n'
ECHO_T=''
EGREP='/bin/grep -E'
ETR_SOCKET_LIBS=''
EXEEXT=''
F77=''
FFLAGS=''
GREP='/bin/grep'
INSTALL_DATA='${INSTALL} -m 644'
INSTALL_PROGRAM='${INSTALL}'
INSTALL_SCRIPT='${INSTALL}'
INSTALL_STRIP_PROGRAM='${SHELL} $(install_sh) -c -s'
LDFLAGS=''
LIBOBJS=''
LIBS=''
LIBTOOL='$(SHELL) $(top_builddir)/libtool'
LIBTOOL_DEPS='./ltmain.sh'
LNSL='-lnsl'
LN_S='ln -s'
LSOCKET=''
LTLIBOBJS=''
MAINT='#'
MAINTAINER_MODE_FALSE=''
MAINTAINER_MODE_TRUE='#'
MAKEINFO='${SHELL} /home/canalircu/rbldns-scanner/src/libopm/missing --run makeinfo'
OBJEXT='o'
PACKAGE='libopm'
PACKAGE_BUGREPORT=''
PACKAGE_NAME='libopm'
PACKAGE_STRING='libopm 0.1'
PACKAGE_TARNAME='libopm'
PACKAGE_VERSION='0.1'
PATH_SEPARATOR=':'
RANLIB='ranlib'
SET_MAKE=''
SHELL='/bin/bash'
STRIP='strip'
VERSION='0.1'
ac_ct_CC='gcc'
ac_ct_CXX='g++'
ac_ct_F77=''
am__fastdepCC_FALSE='#'
am__fastdepCC_TRUE=''
am__fastdepCXX_FALSE='#'
am__fastdepCXX_TRUE=''
am__include='include'
am__leading_dot='.'
am__quote=''
am__tar='${AMTAR} chof - "$$tardir"'
am__untar='${AMTAR} xf -'
bindir='${exec_prefix}/bin'
build='x86_64-unknown-linux-gnu'
build_alias=''
build_cpu='x86_64'
build_os='linux-gnu'
build_vendor='unknown'
datadir='${datarootdir}'
datarootdir='${prefix}/share'
docdir='${datarootdir}/doc/${PACKAGE_TARNAME}'
dvidir='${docdir}'
exec_prefix='${prefix}'
host='x86_64-unknown-linux-gnu'
host_alias=''
host_cpu='x86_64'
host_os='linux-gnu'
host_vendor='unknown'
htmldir='${docdir}'
includedir='${prefix}/include'
infodir='${datarootdir}/info'
install_sh='/home/canalircu/rbldns-scanner/src/libopm/install-sh'
libdir='${exec_prefix}/lib'
libexecdir='${exec_prefix}/libexec'
localedir='${datarootdir}/locale'
localstatedir='${prefix}/var'
mandir='${datarootdir}/man'
mkdir_p='mkdir -p --'
oldincludedir='/usr/include'
pdfdir='${docdir}'
prefix='/home/canalircu/bopm'
program_transform_name='s,x,x,'
psdir='${docdir}'
sbindir='${exec_prefix}/sbin'
sharedstatedir='${prefix}/com'
sysconfdir='${prefix}/etc'
target_alias=''

## ----------- ##
## confdefs.h. ##
## ----------- ##

#define PACKAGE_NAME "libopm"
#define PACKAGE_TARNAME "libopm"
#define PACKAGE_VERSION "0.1"
#define PACKAGE_STRING "libopm 0.1"
#define PACKAGE_BUGREPORT ""
#define PACKAGE "libopm"
#define VERSION "0.1"
#define STDC_HEADERS 1
#define HAVE_SYS_TYPES_H 1
#define HAVE_SYS_STAT_H 1
#define HAVE_STDLIB_H 1
#define HAVE_STRING_H 1
#define HAVE_MEMORY_H 1
#define HAVE_STRINGS_H 1
#define HAVE_INTTYPES_H 1
#define HAVE_STDINT_H 1
#define HAVE_UNISTD_H 1
#define HAVE_DLFCN_H 1
#define STDC_HEADERS 1
#define HAVE_SYS_POLL_H 1
#define HAVE_FCNTL_H 1
#define HAVE_SYS_TIME_H 1
#define HAVE_UNISTD_H 1
#define HAVE_STRINGS_H 1
#define TIME_WITH_SYS_TIME 1
#define HAVE_SNPRINTF 1
#define HAVE_VSNPRINTF 1
#define HAVE_INET_ATON 1
#define HAVE_INET_PTON 1
#define HAVE_GETHOSTBYNAME 1
#define HAVE_GETHOSTBYNAME2 1

configure: exit 0
